<?xml version="1.0" encoding="utf-8"?><testsuite errors="0" failures="0" name="pytest" skips="0" tests="4" time="0.071"><testcase classname="tests.unit.adder.test_adder" file="tests/unit/adder/test_adder.py" line="3" name="test_sum_two_plus_two_is_four" time="0.00144600868225"></testcase><testcase classname="tests.unit.subtractor.test_subtractor" file="tests/unit/subtractor/test_subtractor.py" line="4" name="test_sum_two_minus_one_is_one" time="0.00115489959717"></testcase><testcase classname="tests.unit.subtractor.test_subtractor" file="tests/unit/subtractor/test_subtractor.py" line="8" name="test_sum_two_minus_two_is_not_one" time="0.00117826461792"></testcase><testcase classname="tests.unit.subtractor.test_subtractor" file="tests/unit/subtractor/test_subtractor.py" line="11" name="test_four_divided_by_two_is_two" time="0.00136828422546"></testcase></testsuite>